#
# A fatal error has been detected by the Java Runtime Environment:
#
#  Internal Error (javaCalls.cpp:51), pid=24064, tid=0x0000000000001ee4
#  guarantee(thread->is_Java_thread()) failed: crucial check - the VM thread cannot and must not escape to Java code
#
# JRE version: Java(TM) SE Runtime Environment (8.0_202-b08) (build 1.8.0_202-b08)
# Java VM: Java HotSpot(TM) 64-Bit Server VM (25.202-b08 mixed mode windows-amd64 compressed oops)
# Failed to write core dump. Minidumps are not enabled by default on client versions of Windows
#
# If you would like to submit a bug report, please visit:
#   http://bugreport.java.com/bugreport/crash.jsp
#

---------------  T H R E A D  ---------------

Current thread (0x000000001cc65800):  VMThread [stack: 0x000000001f390000,0x000000001f490000] [id=7908]

Stack: [0x000000001f390000,0x000000001f490000]
[error occurred during error reporting (printing stack bounds), id 0xc0000005]

Native frames: (J=compiled Java code, j=interpreted, Vv=VM code, C=native code)

VM_Operation (0x000000001f98f390): GetOrSetLocal, mode: safepoint, requested by thread 0x000000001e3b0000


---------------  P R O C E S S  ---------------

Java Threads: ( => current thread )
  0x0000000023baf000 JavaThread "http-nio-8090-Acceptor" daemon [_thread_in_native, id=10808, stack(0x0000000027910000,0x0000000027a10000)]
  0x0000000023bae000 JavaThread "http-nio-8090-ClientPoller" daemon [_thread_in_native, id=9432, stack(0x0000000027810000,0x0000000027910000)]
  0x0000000023bb0800 JavaThread "http-nio-8090-exec-10" daemon [_thread_blocked, id=14292, stack(0x0000000027710000,0x0000000027810000)]
  0x000000002421f800 JavaThread "http-nio-8090-exec-9" daemon [_thread_blocked, id=7828, stack(0x0000000027610000,0x0000000027710000)]
  0x0000000024226800 JavaThread "http-nio-8090-exec-8" daemon [_thread_blocked, id=21312, stack(0x0000000027510000,0x0000000027610000)]
  0x0000000024226000 JavaThread "http-nio-8090-exec-7" daemon [_thread_blocked, id=11428, stack(0x0000000027410000,0x0000000027510000)]
  0x0000000024224800 JavaThread "http-nio-8090-exec-6" daemon [_thread_blocked, id=15196, stack(0x0000000026b10000,0x0000000026c10000)]
  0x000000002421e000 JavaThread "http-nio-8090-exec-5" daemon [_thread_blocked, id=10252, stack(0x0000000026610000,0x0000000026710000)]
  0x0000000024222000 JavaThread "http-nio-8090-exec-4" daemon [_thread_blocked, id=10508, stack(0x0000000026510000,0x0000000026610000)]
  0x000000002421f000 JavaThread "http-nio-8090-exec-3" daemon [_thread_blocked, id=7680, stack(0x0000000026410000,0x0000000026510000)]
  0x0000000024225000 JavaThread "http-nio-8090-exec-2" daemon [_thread_blocked, id=11016, stack(0x0000000026310000,0x0000000026410000)]
  0x000000002421c800 JavaThread "http-nio-8090-exec-1" daemon [_thread_blocked, id=8616, stack(0x0000000026210000,0x0000000026310000)]
  0x0000000024221000 JavaThread "http-nio-8090-BlockPoller" daemon [_thread_in_native, id=10116, stack(0x0000000026110000,0x0000000026210000)]
  0x0000000024223800 JavaThread "File Watcher" daemon [_thread_blocked, id=3376, stack(0x0000000026010000,0x0000000026110000)]
  0x0000000024220800 JavaThread "container-0" [_thread_blocked, id=19856, stack(0x0000000025910000,0x0000000025a10000)]
  0x0000000024217800 JavaThread "Catalina-utility-2" [_thread_blocked, id=20732, stack(0x0000000024f10000,0x0000000025010000)]
  0x000000002421b000 JavaThread "Catalina-utility-1" [_thread_blocked, id=22440, stack(0x0000000024c10000,0x0000000024d10000)]
  0x0000000024219800 JavaThread "HikariPool-2 housekeeper" daemon [_thread_blocked, id=9624, stack(0x0000000023a40000,0x0000000023b40000)]
  0x000000002421d800 JavaThread "DestroyJavaVM" [_thread_blocked, id=21632, stack(0x0000000002e00000,0x0000000002f00000)]
  0x0000000023bad800 JavaThread "http-nio-8090-exec-1" daemon [_thread_blocked, id=22084, stack(0x0000000025b10000,0x0000000025c10000)]
  0x0000000023bb3800 JavaThread "Live Reload Server" daemon [_thread_in_native, id=21852, stack(0x0000000025a10000,0x0000000025b10000)]
  0x000000002041f800 JavaThread "RMI TCP Accept-0" daemon [_thread_in_native, id=13184, stack(0x0000000020a90000,0x0000000020b90000)]
  0x000000002041a000 JavaThread "RMI TCP Accept-55304" daemon [_thread_in_native, id=19304, stack(0x0000000020990000,0x0000000020a90000)]
  0x000000002040a000 JavaThread "RMI TCP Accept-0" daemon [_thread_in_native, id=22416, stack(0x0000000020890000,0x0000000020990000)]
  0x000000001e46f000 JavaThread "Service Thread" daemon [_thread_blocked, id=2960, stack(0x000000001ff90000,0x0000000020090000)]
  0x000000001e3dd000 JavaThread "C1 CompilerThread3" daemon [_thread_blocked, id=5804, stack(0x000000001fe90000,0x000000001ff90000)]
  0x000000001e3dc000 JavaThread "C2 CompilerThread2" daemon [_thread_blocked, id=15720, stack(0x000000001fd90000,0x000000001fe90000)]
  0x000000001e3d9800 JavaThread "C2 CompilerThread1" daemon [_thread_blocked, id=16056, stack(0x000000001fc90000,0x000000001fd90000)]
  0x000000001e3d3800 JavaThread "C2 CompilerThread0" daemon [_thread_blocked, id=8936, stack(0x000000001fb90000,0x000000001fc90000)]
  0x000000001e3c8000 JavaThread "JDWP Command Reader" daemon [_thread_in_native, id=22932, stack(0x000000001fa90000,0x000000001fb90000)]
  0x000000001e3bd000 JavaThread "JDWP Event Helper Thread" daemon [_thread_blocked, id=22916, stack(0x000000001f990000,0x000000001fa90000)]
  0x000000001e3b0000 JavaThread "JDWP Transport Listener: dt_socket" daemon [_thread_blocked, id=14320, stack(0x000000001f890000,0x000000001f990000)]
  0x000000001e3a4800 JavaThread "Attach Listener" daemon [_thread_blocked, id=10244, stack(0x000000001f790000,0x000000001f890000)]
  0x000000001e3a3800 JavaThread "Signal Dispatcher" daemon [_thread_blocked, id=3976, stack(0x000000001f690000,0x000000001f790000)]
  0x000000001cc76800 JavaThread "Finalizer" daemon [_thread_blocked, id=19428, stack(0x000000001f590000,0x000000001f690000)]
  0x000000001cc6f800 JavaThread "Reference Handler" daemon [_thread_blocked, id=9552, stack(0x000000001f490000,0x000000001f590000)]

Other Threads:
=>0x000000001cc65800 VMThread [stack: 0x000000001f390000,0x000000001f490000] [id=7908]
  0x0000000020420800 WatcherThread [stack: 0x0000000020b90000,0x0000000020c90000] [id=8828]

VM state:at safepoint (normal execution)

VM Mutex/Monitor currently owned by a thread:  ([mutex/lock_event])
[0x0000000002f05750] Threads_lock - owner thread: 0x000000001cc65800

heap address: 0x00000006c1200000, size: 4078 MB, Compressed Oops mode: Zero based, Oop shift amount: 3
Narrow klass base: 0x0000000000000000, Narrow klass shift: 3
Compressed class space size: 1073741824 Address: 0x00000007c0000000

Heap:
 PSYoungGen      total 308736K, used 144452K [0x000000076b100000, 0x0000000783300000, 0x00000007c0000000)
  eden space 288768K, 48% used [0x000000076b100000,0x00000007739bdf68,0x000000077cb00000)
  from space 19968K, 22% used [0x000000077cb00000,0x000000077cf530e8,0x000000077de80000)
  to   space 19456K, 0% used [0x0000000782000000,0x0000000782000000,0x0000000783300000)
 ParOldGen       total 218112K, used 27609K [0x00000006c1200000, 0x00000006ce700000, 0x000000076b100000)
  object space 218112K, 12% used [0x00000006c1200000,0x00000006c2cf6480,0x00000006ce700000)
 Metaspace       used 61116K, capacity 64746K, committed 64896K, reserved 1105920K
  class space    used 8424K, capacity 9054K, committed 9088K, reserved 1048576K

Card table byte_map: [0x00000000123c0000,0x0000000012bc0000] byte_map_base: 0x000000000edb7000

Marking Bits: (ParMarkBitMap*) 0x0000000055675ce0
 Begin Bits: [0x0000000013b10000, 0x0000000017ac8000)
 End Bits:   [0x0000000017ac8000, 0x000000001ba80000)

Polling page: 0x00000000007c0000

CodeCache: size=245760Kb used=13364Kb max_used=13364Kb free=232395Kb
 bounds [0x0000000003000000, 0x0000000003d20000, 0x0000000012000000]
 total_blobs=7808 nmethods=7225 adapters=502
 compilation: enabled

Compilation events (10 events):
Event: 143.174 Thread 0x000000001e3dd000 7342       1       sun.nio.ch.WindowsSelectorImpl$FinishLock::checkForException (51 bytes)
Event: 143.176 Thread 0x000000001e3dd000 nmethod 7342 0x0000000003d0f110 code [0x0000000003d0f320, 0x0000000003d0fe88]
Event: 143.176 Thread 0x000000001e3dd000 7343       1       sun.nio.ch.WindowsSelectorImpl::updateSelectedKeys (74 bytes)
Event: 143.176 Thread 0x000000001e3dd000 nmethod 7343 0x0000000003d10610 code [0x0000000003d107c0, 0x0000000003d10ae8]
Event: 143.176 Thread 0x000000001e3dd000 7344       1       sun.nio.ch.WindowsSelectorImpl$SubSelector::access$2900 (6 bytes)
Event: 143.177 Thread 0x000000001e3dd000 nmethod 7344 0x0000000003d10d90 code [0x0000000003d10ee0, 0x0000000003d11008]
Event: 143.177 Thread 0x000000001e3dd000 7345       1       sun.nio.ch.WindowsSelectorImpl$SubSelector::processSelectedKeys (64 bytes)
Event: 143.177 Thread 0x000000001e3dd000 nmethod 7345 0x0000000003d110d0 code [0x0000000003d11240, 0x0000000003d11428]
Event: 143.177 Thread 0x000000001e3dd000 7346   !   1       sun.nio.ch.WindowsSelectorImpl::resetWakeupSocket (41 bytes)
Event: 143.177 Thread 0x000000001e3dd000 nmethod 7346 0x0000000003d11510 code [0x0000000003d11680, 0x0000000003d119c8]

GC Heap History (10 events):
Event: 11.554 GC heap before
{Heap before GC invocations=11 (full 2):
 PSYoungGen      total 247296K, used 162275K [0x000000076b100000, 0x000000077b780000, 0x00000007c0000000)
  eden space 231936K, 63% used [0x000000076b100000,0x000000077407ada0,0x0000000779380000)
  from space 15360K, 99% used [0x000000077a800000,0x000000077b6fe1c8,0x000000077b700000)
  to   space 18432K, 0% used [0x0000000779380000,0x0000000779380000,0x000000077a580000)
 ParOldGen       total 158208K, used 19244K [0x00000006c1200000, 0x00000006cac80000, 0x000000076b100000)
  object space 158208K, 12% used [0x00000006c1200000,0x00000006c24cb0f8,0x00000006cac80000)
 Metaspace       used 55527K, capacity 58792K, committed 59008K, reserved 1099776K
  class space    used 7751K, capacity 8312K, committed 8320K, reserved 1048576K
Event: 11.563 GC heap after
Heap after GC invocations=11 (full 2):
 PSYoungGen      total 250368K, used 16864K [0x000000076b100000, 0x000000077f280000, 0x00000007c0000000)
  eden space 231936K, 0% used [0x000000076b100000,0x000000076b100000,0x0000000779380000)
  from space 18432K, 91% used [0x0000000779380000,0x000000077a3f82f0,0x000000077a580000)
  to   space 20480K, 0% used [0x000000077de80000,0x000000077de80000,0x000000077f280000)
 ParOldGen       total 158208K, used 19252K [0x00000006c1200000, 0x00000006cac80000, 0x000000076b100000)
  object space 158208K, 12% used [0x00000006c1200000,0x00000006c24cd0f8,0x00000006cac80000)
 Metaspace       used 55527K, capacity 58792K, committed 59008K, reserved 1099776K
  class space    used 7751K, capacity 8312K, committed 8320K, reserved 1048576K
}
Event: 11.563 GC heap before
{Heap before GC invocations=12 (full 3):
 PSYoungGen      total 250368K, used 16864K [0x000000076b100000, 0x000000077f280000, 0x00000007c0000000)
  eden space 231936K, 0% used [0x000000076b100000,0x000000076b100000,0x0000000779380000)
  from space 18432K, 91% used [0x0000000779380000,0x000000077a3f82f0,0x000000077a580000)
  to   space 20480K, 0% used [0x000000077de80000,0x000000077de80000,0x000000077f280000)
 ParOldGen       total 158208K, used 19252K [0x00000006c1200000, 0x00000006cac80000, 0x000000076b100000)
  object space 158208K, 12% used [0x00000006c1200000,0x00000006c24cd0f8,0x00000006cac80000)
 Metaspace       used 55527K, capacity 58792K, committed 59008K, reserved 1099776K
  class space    used 7751K, capacity 8312K, committed 8320K, reserved 1048576K
Event: 11.661 GC heap after
Heap after GC invocations=12 (full 3):
 PSYoungGen      total 250368K, used 0K [0x000000076b100000, 0x000000077f280000, 0x00000007c0000000)
  eden space 231936K, 0% used [0x000000076b100000,0x000000076b100000,0x0000000779380000)
  from space 18432K, 0% used [0x0000000779380000,0x0000000779380000,0x000000077a580000)
  to   space 20480K, 0% used [0x000000077de80000,0x000000077de80000,0x000000077f280000)
 ParOldGen       total 218112K, used 28214K [0x00000006c1200000, 0x00000006ce700000, 0x000000076b100000)
  object space 218112K, 12% used [0x00000006c1200000,0x00000006c2d8db78,0x00000006ce700000)
 Metaspace       used 55516K, capacity 58774K, committed 59008K, reserved 1099776K
  class space    used 7750K, capacity 8309K, committed 8320K, reserved 1048576K
}
Event: 44.009 GC heap before
{Heap before GC invocations=13 (full 3):
 PSYoungGen      total 250368K, used 71532K [0x000000076b100000, 0x000000077f280000, 0x00000007c0000000)
  eden space 231936K, 30% used [0x000000076b100000,0x000000076f6db340,0x0000000779380000)
  from space 18432K, 0% used [0x0000000779380000,0x0000000779380000,0x000000077a580000)
  to   space 20480K, 0% used [0x000000077de80000,0x000000077de80000,0x000000077f280000)
 ParOldGen       total 218112K, used 28214K [0x00000006c1200000, 0x00000006ce700000, 0x000000076b100000)
  object space 218112K, 12% used [0x00000006c1200000,0x00000006c2d8db78,0x00000006ce700000)
 Metaspace       used 60157K, capacity 63608K, committed 63744K, reserved 1103872K
  class space    used 8340K, capacity 8909K, committed 8960K, reserved 1048576K
Event: 44.014 GC heap after
Heap after GC invocations=13 (full 3):
 PSYoungGen      total 309248K, used 7716K [0x000000076b100000, 0x000000077f500000, 0x00000007c0000000)
  eden space 288768K, 0% used [0x000000076b100000,0x000000076b100000,0x000000077cb00000)
  from space 20480K, 37% used [0x000000077de80000,0x000000077e6090b0,0x000000077f280000)
  to   space 19968K, 0% used [0x000000077cb00000,0x000000077cb00000,0x000000077de80000)
 ParOldGen       total 218112K, used 28222K [0x00000006c1200000, 0x00000006ce700000, 0x000000076b100000)
  object space 218112K, 12% used [0x00000006c1200000,0x00000006c2d8fb78,0x00000006ce700000)
 Metaspace       used 60157K, capacity 63608K, committed 63744K, reserved 1103872K
  class space    used 8340K, capacity 8909K, committed 8960K, reserved 1048576K
}
Event: 44.015 GC heap before
{Heap before GC invocations=14 (full 4):
 PSYoungGen      total 309248K, used 7716K [0x000000076b100000, 0x000000077f500000, 0x00000007c0000000)
  eden space 288768K, 0% used [0x000000076b100000,0x000000076b100000,0x000000077cb00000)
  from space 20480K, 37% used [0x000000077de80000,0x000000077e6090b0,0x000000077f280000)
  to   space 19968K, 0% used [0x000000077cb00000,0x000000077cb00000,0x000000077de80000)
 ParOldGen       total 218112K, used 28222K [0x00000006c1200000, 0x00000006ce700000, 0x000000076b100000)
  object space 218112K, 12% used [0x00000006c1200000,0x00000006c2d8fb78,0x00000006ce700000)
 Metaspace       used 60157K, capacity 63608K, committed 63744K, reserved 1103872K
  class space    used 8340K, capacity 8909K, committed 8960K, reserved 1048576K
Event: 44.208 GC heap after
Heap after GC invocations=14 (full 4):
 PSYoungGen      total 309248K, used 0K [0x000000076b100000, 0x000000077f500000, 0x00000007c0000000)
  eden space 288768K, 0% used [0x000000076b100000,0x000000076b100000,0x000000077cb00000)
  from space 20480K, 0% used [0x000000077de80000,0x000000077de80000,0x000000077f280000)
  to   space 19968K, 0% used [0x000000077cb00000,0x000000077cb00000,0x000000077de80000)
 ParOldGen       total 218112K, used 27601K [0x00000006c1200000, 0x00000006ce700000, 0x000000076b100000)
  object space 218112K, 12% used [0x00000006c1200000,0x00000006c2cf4480,0x00000006ce700000)
 Metaspace       used 60157K, capacity 63608K, committed 63744K, reserved 1103872K
  class space    used 8340K, capacity 8909K, committed 8960K, reserved 1048576K
}
Event: 44.801 GC heap before
{Heap before GC invocations=15 (full 4):
 PSYoungGen      total 309248K, used 288768K [0x000000076b100000, 0x000000077f500000, 0x00000007c0000000)
  eden space 288768K, 100% used [0x000000076b100000,0x000000077cb00000,0x000000077cb00000)
  from space 20480K, 0% used [0x000000077de80000,0x000000077de80000,0x000000077f280000)
  to   space 19968K, 0% used [0x000000077cb00000,0x000000077cb00000,0x000000077de80000)
 ParOldGen       total 218112K, used 27601K [0x00000006c1200000, 0x00000006ce700000, 0x000000076b100000)
  object space 218112K, 12% used [0x00000006c1200000,0x00000006c2cf4480,0x00000006ce700000)
 Metaspace       used 60360K, capacity 63890K, committed 64000K, reserved 1103872K
  class space    used 8364K, capacity 8954K, committed 8960K, reserved 1048576K
Event: 44.805 GC heap after
Heap after GC invocations=15 (full 4):
 PSYoungGen      total 308736K, used 4428K [0x000000076b100000, 0x0000000783300000, 0x00000007c0000000)
  eden space 288768K, 0% used [0x000000076b100000,0x000000076b100000,0x000000077cb00000)
  from space 19968K, 22% used [0x000000077cb00000,0x000000077cf530e8,0x000000077de80000)
  to   space 19456K, 0% used [0x0000000782000000,0x0000000782000000,0x0000000783300000)
 ParOldGen       total 218112K, used 27609K [0x00000006c1200000, 0x00000006ce700000, 0x000000076b100000)
  object space 218112K, 12% used [0x00000006c1200000,0x00000006c2cf6480,0x00000006ce700000)
 Metaspace       used 60360K, capacity 63890K, committed 64000K, reserved 1103872K
  class space    used 8364K, capacity 8954K, committed 8960K, reserved 1048576K
}

Deoptimization events (0 events):
No events

Classes redefined (3 events):
Event: 34.993 Thread 0x000000001cc65800 redefined class name=com.community.web.controller.PostController, count=1
Event: 144.391 Thread 0x000000001cc65800 redefined class name=com.community.web.controller.PostController, count=1
Event: 144.407 Thread 0x000000001cc65800 redefined class name=com.community.web.controller.PostController, count=2

Internal exceptions (10 events):
Event: 45.342 Thread 0x0000000024219000 Exception <a 'java/lang/ClassNotFoundException': java/lang/ObjectCustomizer> (0x0000000771beb828) thrown at [C:\re\workspace\8-2-build-windows-amd64-cygwin\jdk8u202\12323\hotspot\src\share\vm\classfile\systemDictionary.cpp, line 210]
Event: 45.343 Thread 0x0000000024219000 Exception <a 'java/lang/ClassNotFoundException': com/community/web/domain/RoleCustomizer> (0x0000000771c01ad0) thrown at [C:\re\workspace\8-2-build-windows-amd64-cygwin\jdk8u202\12323\hotspot\src\share\vm\classfile\systemDictionary.cpp, line 210]
Event: 45.346 Thread 0x0000000024219000 Exception <a 'java/lang/ClassNotFoundException': java/lang/ObjectCustomizer> (0x0000000771c25828) thrown at [C:\re\workspace\8-2-build-windows-amd64-cygwin\jdk8u202\12323\hotspot\src\share\vm\classfile\systemDictionary.cpp, line 210]
Event: 45.347 Thread 0x0000000024219000 Exception <a 'java/lang/ClassNotFoundException': com/community/web/domain/UserCustomizer> (0x0000000771c3ba58) thrown at [C:\re\workspace\8-2-build-windows-amd64-cygwin\jdk8u202\12323\hotspot\src\share\vm\classfile\systemDictionary.cpp, line 210]
Event: 45.352 Thread 0x0000000024219000 Exception <a 'java/lang/ClassNotFoundException': java/lang/ObjectCustomizer> (0x0000000771c932b0) thrown at [C:\re\workspace\8-2-build-windows-amd64-cygwin\jdk8u202\12323\hotspot\src\share\vm\classfile\systemDictionary.cpp, line 210]
Event: 45.352 Thread 0x0000000024219000 Exception <a 'java/lang/ClassNotFoundException': com/community/web/domain/BoardCustomizer> (0x0000000771ca9990) thrown at [C:\re\workspace\8-2-build-windows-amd64-cygwin\jdk8u202\12323\hotspot\src\share\vm\classfile\systemDictionary.cpp, line 210]
Event: 45.418 Thread 0x0000000024219000 Exception <a 'java/lang/ClassNotFoundException': java/lang/ObjectCustomizer> (0x0000000772007e08) thrown at [C:\re\workspace\8-2-build-windows-amd64-cygwin\jdk8u202\12323\hotspot\src\share\vm\classfile\systemDictionary.cpp, line 210]
Event: 45.419 Thread 0x0000000024219000 Exception <a 'java/lang/ClassNotFoundException': com/community/web/domain/PostCustomizer> (0x000000077201e038) thrown at [C:\re\workspace\8-2-build-windows-amd64-cygwin\jdk8u202\12323\hotspot\src\share\vm\classfile\systemDictionary.cpp, line 210]
Event: 45.420 Thread 0x0000000024219000 Exception <a 'java/lang/ClassNotFoundException': java/lang/ObjectCustomizer> (0x00000007720480e0) thrown at [C:\re\workspace\8-2-build-windows-amd64-cygwin\jdk8u202\12323\hotspot\src\share\vm\classfile\systemDictionary.cpp, line 210]
Event: 45.421 Thread 0x0000000024219000 Exception <a 'java/lang/ClassNotFoundException': com/community/web/domain/PostImageCustomizer> (0x000000077205f730) thrown at [C:\re\workspace\8-2-build-windows-amd64-cygwin\jdk8u202\12323\hotspot\src\share\vm\classfile\systemDictionary.cpp, line 210]

Events (10 events):
Event: 144.483 Executing VM operation: GetCurrentContendedMonitor done
Event: 144.483 Executing VM operation: GetOwnedMonitorInfo
Event: 144.483 Executing VM operation: GetOwnedMonitorInfo done
Event: 144.483 Executing VM operation: GetCurrentContendedMonitor
Event: 144.483 Executing VM operation: GetCurrentContendedMonitor done
Event: 144.500 Executing VM operation: GetCurrentContendedMonitor
Event: 144.500 Executing VM operation: GetCurrentContendedMonitor done
Event: 144.500 Executing VM operation: GetOwnedMonitorInfo
Event: 144.500 Executing VM operation: GetOwnedMonitorInfo done
Event: 144.621 Executing VM operation: GetOrSetLocal


Dynamic libraries:
0x00007ff6777e0000 - 0x00007ff677817000 	C:\Program Files\Java\jre1.8.0_202\bin\javaw.exe
0x00007ffdc6c80000 - 0x00007ffdc6e70000 	C:\WINDOWS\SYSTEM32\ntdll.dll
0x00007ffdc5a40000 - 0x00007ffdc5af2000 	C:\WINDOWS\System32\KERNEL32.DLL
0x00007ffdc4490000 - 0x00007ffdc4734000 	C:\WINDOWS\System32\KERNELBASE.dll
0x00007ffdc5800000 - 0x00007ffdc58a3000 	C:\WINDOWS\System32\ADVAPI32.dll
0x00007ffdc4ec0000 - 0x00007ffdc4f5e000 	C:\WINDOWS\System32\msvcrt.dll
0x00007ffdc59a0000 - 0x00007ffdc5a37000 	C:\WINDOWS\System32\sechost.dll
0x00007ffdc5cb0000 - 0x00007ffdc5dd0000 	C:\WINDOWS\System32\RPCRT4.dll
0x00007ffdc5b10000 - 0x00007ffdc5ca4000 	C:\WINDOWS\System32\USER32.dll
0x00007ffdc4740000 - 0x00007ffdc4761000 	C:\WINDOWS\System32\win32u.dll
0x00007ffdc6c10000 - 0x00007ffdc6c36000 	C:\WINDOWS\System32\GDI32.dll
0x00007ffdc4770000 - 0x00007ffdc4906000 	C:\WINDOWS\System32\gdi32full.dll
0x00007ffdc49c0000 - 0x00007ffdc4a5e000 	C:\WINDOWS\System32\msvcp_win.dll
0x00007ffdc4a80000 - 0x00007ffdc4b7a000 	C:\WINDOWS\System32\ucrtbase.dll
0x00007ffdb9290000 - 0x00007ffdb9514000 	C:\WINDOWS\WinSxS\amd64_microsoft.windows.common-controls_6595b64144ccf1df_6.0.18362.959_none_e6c7bbbf130c62bb\COMCTL32.dll
0x00007ffdc5f60000 - 0x00007ffdc6295000 	C:\WINDOWS\System32\combase.dll
0x00007ffdc4940000 - 0x00007ffdc49c0000 	C:\WINDOWS\System32\bcryptPrimitives.dll
0x00007ffdc5dd0000 - 0x00007ffdc5dfe000 	C:\WINDOWS\System32\IMM32.DLL
0x0000000054c90000 - 0x0000000054d62000 	C:\Program Files\Java\jre1.8.0_202\bin\msvcr100.dll
0x0000000054e50000 - 0x00000000556f5000 	C:\Program Files\Java\jre1.8.0_202\bin\server\jvm.dll
0x00007ffdc6c00000 - 0x00007ffdc6c08000 	C:\WINDOWS\System32\PSAPI.DLL
0x00007ffdafb70000 - 0x00007ffdafb79000 	C:\WINDOWS\SYSTEM32\WSOCK32.dll
0x00007ffdc0510000 - 0x00007ffdc0534000 	C:\WINDOWS\SYSTEM32\WINMM.dll
0x00007ffdbd990000 - 0x00007ffdbd99a000 	C:\WINDOWS\SYSTEM32\VERSION.dll
0x00007ffdc4f60000 - 0x00007ffdc4fcf000 	C:\WINDOWS\System32\WS2_32.dll
0x00007ffdc04e0000 - 0x00007ffdc050d000 	C:\WINDOWS\SYSTEM32\winmmbase.dll
0x00007ffdc3c00000 - 0x00007ffdc3c4a000 	C:\WINDOWS\System32\cfgmgr32.dll
0x00007ffdb3740000 - 0x00007ffdb374f000 	C:\Program Files\Java\jre1.8.0_202\bin\verify.dll
0x00007ffd895f0000 - 0x00007ffd89619000 	C:\Program Files\Java\jre1.8.0_202\bin\java.dll
0x00007ffdb42b0000 - 0x00007ffdb42e5000 	C:\Program Files\Java\jre1.8.0_202\bin\jdwp.dll
0x00007ffdbfbe0000 - 0x00007ffdbfbe8000 	C:\Program Files\Java\jre1.8.0_202\bin\npt.dll
0x00007ffd8bc10000 - 0x00007ffd8bc26000 	C:\Program Files\Java\jre1.8.0_202\bin\zip.dll
0x00007ffdc5110000 - 0x00007ffdc57f6000 	C:\WINDOWS\System32\SHELL32.dll
0x00007ffdc65b0000 - 0x00007ffdc6659000 	C:\WINDOWS\System32\shcore.dll
0x00007ffdc3d00000 - 0x00007ffdc4482000 	C:\WINDOWS\System32\windows.storage.dll
0x00007ffdc3b60000 - 0x00007ffdc3b83000 	C:\WINDOWS\System32\profapi.dll
0x00007ffdc3b90000 - 0x00007ffdc3bda000 	C:\WINDOWS\System32\powrprof.dll
0x00007ffdc3b30000 - 0x00007ffdc3b40000 	C:\WINDOWS\System32\UMPDC.dll
0x00007ffdc5ee0000 - 0x00007ffdc5f32000 	C:\WINDOWS\System32\shlwapi.dll
0x00007ffdc3b40000 - 0x00007ffdc3b51000 	C:\WINDOWS\System32\kernel.appcore.dll
0x00007ffdc4a60000 - 0x00007ffdc4a77000 	C:\WINDOWS\System32\cryptsp.dll
0x00007ffdbfb90000 - 0x00007ffdbfb99000 	C:\Program Files\Java\jre1.8.0_202\bin\dt_socket.dll
0x00007ffdb0c20000 - 0x00007ffdb0c36000 	C:\WINDOWS\system32\napinsp.dll
0x00007ffdb11c0000 - 0x00007ffdb11da000 	C:\WINDOWS\system32\pnrpnsp.dll
0x00007ffdc33a0000 - 0x00007ffdc3407000 	C:\WINDOWS\System32\mswsock.dll
0x00007ffdc30f0000 - 0x00007ffdc31bb000 	C:\WINDOWS\SYSTEM32\DNSAPI.dll
0x00007ffdc5b00000 - 0x00007ffdc5b08000 	C:\WINDOWS\System32\NSI.dll
0x00007ffdc30b0000 - 0x00007ffdc30ea000 	C:\WINDOWS\SYSTEM32\IPHLPAPI.DLL
0x00007ffdb1690000 - 0x00007ffdb169e000 	C:\WINDOWS\System32\winrnr.dll
0x00007ffdc0010000 - 0x00007ffdc002c000 	C:\WINDOWS\system32\NLAapi.dll
0x00007ffdb1260000 - 0x00007ffdb1275000 	C:\WINDOWS\system32\wshbth.dll
0x00007ffdbae40000 - 0x00007ffdbaeb7000 	C:\WINDOWS\System32\fwpuclnt.dll
0x00007ffdc4910000 - 0x00007ffdc4936000 	C:\WINDOWS\System32\bcrypt.dll
0x00007ffdb5a40000 - 0x00007ffdb5a4a000 	C:\Windows\System32\rasadhlp.dll
0x00007ffdbfb80000 - 0x00007ffdbfb8d000 	C:\Program Files\Java\jre1.8.0_202\bin\management.dll
0x00007ffd89570000 - 0x00007ffd8958a000 	C:\Program Files\Java\jre1.8.0_202\bin\net.dll
0x00007ffdb5ed0000 - 0x00007ffdb60a6000 	C:\WINDOWS\SYSTEM32\urlmon.dll
0x00007ffdb5200000 - 0x00007ffdb54a6000 	C:\WINDOWS\SYSTEM32\iertutil.dll
0x00007ffdc3570000 - 0x00007ffdc357c000 	C:\WINDOWS\SYSTEM32\CRYPTBASE.DLL
0x00007ffd89550000 - 0x00007ffd89562000 	C:\Program Files\Java\jre1.8.0_202\bin\nio.dll
0x00007ffdc2f10000 - 0x00007ffdc2f43000 	C:\WINDOWS\system32\rsaenh.dll
0x00007ffdc3a50000 - 0x00007ffdc3a75000 	C:\WINDOWS\SYSTEM32\USERENV.dll
0x00007ffdbbad0000 - 0x00007ffdbbae6000 	C:\WINDOWS\SYSTEM32\dhcpcsvc6.DLL
0x00007ffdbc0f0000 - 0x00007ffdbc10c000 	C:\WINDOWS\SYSTEM32\dhcpcsvc.DLL
0x0000000180000000 - 0x0000000180281000 	C:\Java\apache-tomcat-7.0.93\bin\tcnative-1.dll
0x00007ffdc4b80000 - 0x00007ffdc4cc9000 	C:\WINDOWS\System32\CRYPT32.dll
0x00007ffdc3be0000 - 0x00007ffdc3bf2000 	C:\WINDOWS\System32\MSASN1.dll
0x00007ffdbfba0000 - 0x00007ffdbfbc4000 	C:\Program Files\Java\jre1.8.0_202\bin\sunec.dll

VM Arguments:
jvm_args: -agentlib:jdwp=transport=dt_socket,suspend=y,address=localhost:55305 -Dcom.sun.management.jmxremote -Dcom.sun.management.jmxremote.port=55304 -Dcom.sun.management.jmxremote.authenticate=false -Dcom.sun.management.jmxremote.ssl=false -Djava.rmi.server.hostname=localhost -Dspring.jmx.enabled=true -Dspring.application.admin.enabled=true -Xverify:none -XX:TieredStopAtLevel=1 -Dfile.encoding=UTF-8 
java_command: com.community.web.SpringBootCommunityWebApplication --spring.output.ansi.enabled=always
java_class_path (initial): C:\Java\sts-4.3.1.RELEASE\workspace\spring_boot_community_web\bin\main;C:\Users\dktmr\.gradle\caches\modules-2\files-2.1\org.springframework.boot\spring-boot-starter-data-jpa\2.3.1.RELEASE\5531a4cbd506f13a0b4483ed73c2e75a03d8da46\spring-boot-starter-data-jpa-2.3.1.RELEASE.jar;C:\Users\dktmr\.gradle\caches\modules-2\files-2.1\org.springframework.boot\spring-boot-starter-web\2.3.1.RELEASE\555c4f90141cdbc7637145e413bca0d622ba6796\spring-boot-starter-web-2.3.1.RELEASE.jar;C:\Users\dktmr\.gradle\caches\modules-2\files-2.1\org.springframework.boot\spring-boot-starter-validation\2.3.1.RELEASE\ec99ba85f02b2bec42b84c9c5e74d035ec61109a\spring-boot-starter-validation-2.3.1.RELEASE.jar;C:\Users\dktmr\.gradle\caches\modules-2\files-2.1\org.springframework.boot\spring-boot-starter-security\2.3.1.RELEASE\44ecf9c2e61b330134e8f80b5d5f4d25f23cf755\spring-boot-starter-security-2.3.1.RELEASE.jar;C:\Users\dktmr\.gradle\caches\modules-2\files-2.1\org.springframework.boot\spring-boot-starter-aop\2.3.1.RELEASE\f42e23091d29bde8d1356e45cf13ad32dae51437\spring-boot-starter-aop-2.3.1.RELEASE.jar;C:\Users\dktmr\.gradle\caches\modules-2\files-2.1\org.springframework.boot\spring-boot-starter-jdbc\2.3.1.RELEASE\800b64e76588ea88761ad9108cde762204805d66\spring-boot-starter-jdbc-2.3.1.RELEASE.jar;C:\Users\dktmr\.gradle\caches\modules-2\files-2.1\org.springframework.boot\spring-boot-starter-json\2.3.1.RELEASE\8342003919c7e5a2470072595ea190cb8a9552c0\spring-boot-starter-json-2.3.1.RELEASE.jar;C:\Users\dktmr\.gradle\caches\modules-2\files-2.1\org.springframework.boot\spring-boot-starter\2.3.1.RELEASE\e0d28696fea064578cb01da346232284f922eba4\spring-boot-starter-2.3.1.RELEASE.jar;C:\Users\dktmr\.gradle\caches\modules-2\files-2.1\org.springframework.boot\spring-boot-starter-tomcat\2.3.1.RELEASE\5b599d0da04e724479c22daa47f9bfd62533a2e9\spring-boot-starter-tomcat-2.3.1.RELEASE.jar;C:\Users\dktmr\.gradle\caches\modules-2\files-2.1\org.springframework.boot\spring-boot-autoconfigure
Launcher Type: SUN_STANDARD

Environment Variables:
JAVA_HOME=C:\Program Files\Java\jdk1.8.0_202
CLASSPATH=.;C:\Program Files\Java\jdk1.8.0_202\lib\tools.jar
PATH=C:/Program Files/Java/jre1.8.0_202/bin/server;C:/Program Files/Java/jre1.8.0_202/bin;C:/Program Files/Java/jre1.8.0_202/lib/amd64;C:\Program Files (x86)\Razer\ChromaBroadcast\bin;C:\Program Files\Razer\ChromaBroadcast\bin;C:\oraclexe\app\oracle\product\11.2.0\server\bin;C:\Program Files (x86)\Common Files\Oracle\Java\javapath;C:\Program Files\Java\jdk1.8.0_202\bin;C:\Program Files (x86)\NAT Service;C:\Program Files (x86)\Intel\iCLS Client\;C:\Program Files\Intel\iCLS Client\;C:\WINDOWS\system32;C:\WINDOWS;C:\WINDOWS\System32\Wbem;C:\WINDOWS\System32\WindowsPowerShell\v1.0\;C:\Program Files (x86)\Intel\Intel(R) Management Engine Components\DAL;C:\Program Files\Intel\Intel(R) Management Engine Components\DAL;C:\Program Files (x86)\Intel\Intel(R) Management Engine Components\IPT;C:\Program Files\Intel\Intel(R) Management Engine Components\IPT;C:\WINDOWS\System32\OpenSSH\;C:\Java\apache-tomcat-7.0.93\bin;C:\Java\database\h2\bin;C:\Program Files\nodejs\;C:\WINDOWS\system32\config\systemprofile\AppData\Local\Microsoft\WindowsApps;D:\Git\cmd;C:\Users\dktmr\AppData\Local\Microsoft\WindowsApps;C:\Program Files\Bandizip\;C:\Users\dktmr\AppData\Local\Programs\Fiddler;C:\Users\dktmr\AppData\Local\GitHubDesktop\bin;C:\Users\dktmr\AppData\Roaming\npm;C:\Users\dktmr\AppData\Local\Programs\Microsoft VS Code\bin;C:\Users\dktmr\AppData\Local\Microsoft\WindowsApps;;C:\Java\sts-4.3.1.RELEASE;
USERNAME=dktmr
OS=Windows_NT
PROCESSOR_IDENTIFIER=Intel64 Family 6 Model 158 Stepping 10, GenuineIntel



---------------  S Y S T E M  ---------------

OS: Windows 10.0 , 64 bit Build 18362 (10.0.18362.959)

CPU:total 12 (initial active 12) (6 cores per cpu, 2 threads per core) family 6 model 158 stepping 10, cmov, cx8, fxsr, mmx, sse, sse2, sse3, ssse3, sse4.1, sse4.2, popcnt, avx, avx2, aes, clmul, erms, rtm, 3dnowpref, lzcnt, ht, tsc, tscinvbit, bmi1, bmi2, adx

Memory: 4k page, physical 16699792k(9141640k free), swap 19190160k(8269036k free)

vm_info: Java HotSpot(TM) 64-Bit Server VM (25.202-b08) for windows-amd64 JRE (1.8.0_202-b08), built on Dec 15 2018 19:54:30 by "java_re" with MS VC++ 10.0 (VS2010)

time: Sat Aug 01 00:11:09 2020
timezone: 대한민국 표준시
elapsed time: 144 seconds (0d 0h 2m 24s)

